<?xml version="1.0" encoding="UTF-8"?>
<!-- Generated by org.testng.reporters.JUnitXMLReporter -->
<testsuite hostname="Shiv" ignored="0" name="Test" tests="18" failures="0" timestamp="01 Apr 2019 20:12:49 GMT" time="229.115" errors="0">
  <testcase name="scenario1" time="8.45" classname="scripts.Assignment1"/>
  <testcase name="scenario2" time="7.703" classname="scripts.Assignment2"/>
  <testcase name="scenario10" time="9.883" classname="scripts.Assignment10"/>
  <testcase name="scenario20" time="7.796" classname="scripts.Assignment20"/>
  <testcase name="scenario11" time="5.087" classname="scripts.Assignment11"/>
  <testcase name="scenario3" time="9.035" classname="scripts.Assignment3"/>
  <testcase name="scenario12" time="3.693" classname="scripts.Assignment12"/>
  <testcase name="scenario4" time="8.149" classname="scripts.Assignment4"/>
  <testcase name="scenario13" time="7.126" classname="scripts.Assignment13"/>
  <testcase name="scenario5" time="9.097" classname="scripts.Assignment5"/>
  <testcase name="scenario14" time="5.818" classname="scripts.Assignment14"/>
  <testcase name="scenario6" time="4.423" classname="scripts.Assignment6"/>
  <testcase name="scenario15" time="6.747" classname="scripts.Assignment15"/>
  <testcase name="scenario7" time="9.039" classname="scripts.Assignment7"/>
  <testcase name="scenario16" time="11.595" classname="scripts.Assignment16"/>
  <testcase name="scenario8" time="11.432" classname="scripts.Assignment8"/>
  <testcase name="scenario17" time="6.095" classname="scripts.Assignment17"/>
  <testcase name="scenario9" time="7.858" classname="scripts.Assignment9"/>
</testsuite> <!-- Test -->
