<?xml version="1.0" encoding="UTF-8"?>
<!-- Generated by org.testng.reporters.JUnitXMLReporter -->
<testsuite hostname="Shiv" ignored="0" name="Test" tests="18" failures="0" timestamp="01 Apr 2019 15:17:59 GMT" time="638.338" errors="0">
  <testcase name="scenario1" time="19.497" classname="scripts.Assignment1"/>
  <testcase name="scenario2" time="19.545" classname="scripts.Assignment2"/>
  <testcase name="scenario10" time="27.875" classname="scripts.Assignment10"/>
  <testcase name="scenario20" time="90.108" classname="scripts.Assignment20"/>
  <testcase name="scenario11" time="15.403" classname="scripts.Assignment11"/>
  <testcase name="scenario3" time="22.039" classname="scripts.Assignment3"/>
  <testcase name="scenario12" time="21.773" classname="scripts.Assignment12"/>
  <testcase name="scenario4" time="24.93" classname="scripts.Assignment4"/>
  <testcase name="scenario13" time="23.756" classname="scripts.Assignment13"/>
  <testcase name="scenario5" time="19.97" classname="scripts.Assignment5"/>
  <testcase name="scenario14" time="24.821" classname="scripts.Assignment14"/>
  <testcase name="scenario6" time="55.546" classname="scripts.Assignment6"/>
  <testcase name="scenario15" time="22.105" classname="scripts.Assignment15"/>
  <testcase name="scenario7" time="29.113" classname="scripts.Assignment7"/>
  <testcase name="scenario16" time="32.53" classname="scripts.Assignment16"/>
  <testcase name="scenario8" time="36.836" classname="scripts.Assignment8"/>
  <testcase name="scenario17" time="22.083" classname="scripts.Assignment17"/>
  <testcase name="scenario9" time="26.984" classname="scripts.Assignment9"/>
</testsuite> <!-- Test -->
