<?xml version="1.0" encoding="UTF-8"?>
<testng-results skipped="0" failed="0" ignored="0" total="18" passed="18">
  <reporter-output>
    <line>
      <![CDATA[Coin details : 20 gram 24 KT Gold Coin]]>
    </line>
    <line>
      <![CDATA[Assertion Passed]]>
    </line>
    <line>
      <![CDATA[Coin details : 50 gram 24 KT Gold Coin]]>
    </line>
    <line>
      <![CDATA[Assertion Passed]]>
    </line>
    <line>
      <![CDATA[Women count : Women (1674)]]>
    </line>
    <line>
      <![CDATA[Main menu is being displayed]]>
    </line>
    <line>
      <![CDATA[10+1 MONTHLY SCHEME]]>
    </line>
    <line>
      <![CDATA[RINGS]]>
    </line>
    <line>
      <![CDATA[EARRINGS]]>
    </line>
    <line>
      <![CDATA[PENDANTS]]>
    </line>
    <line>
      <![CDATA[SOLITAIRES]]>
    </line>
    <line>
      <![CDATA[ALL JEWELLERY]]>
    </line>
    <line>
      <![CDATA[GIFTS]]>
    </line>
    <line>
      <![CDATA[GOLD COINS]]>
    </line>
    <line>
      <![CDATA[NEXT DAY DELIVERY]]>
    </line>
    <line>
      <![CDATA[OFFERS]]>
    </line>
    <line>
      <![CDATA[Coin details : 2 gram 24 KT Lakshmi Gold Coin]]>
    </line>
    <line>
      <![CDATA[Assertion Passed]]>
    </line>
    <line>
      <![CDATA[Errer message is displayed and the message is : Amount is required]]>
    </line>
    <line>
      <![CDATA[Errer message is displayed and the message is : Email is required]]>
    </line>
    <line>
      <![CDATA[Coin details : 5 gram 24 KT Lakshmi Gold Coin]]>
    </line>
    <line>
      <![CDATA[Assertion Passed]]>
    </line>
    <line>
      <![CDATA[Assertion for email id is Passed]]>
    </line>
    <line>
      <![CDATA[Assertion for Amount is Passed]]>
    </line>
    <line>
      <![CDATA[Coin details : 10 gram 24 KT Lakshmi Gold Coin]]>
    </line>
    <line>
      <![CDATA[Assertion Passed]]>
    </line>
    <line>
      <![CDATA[Assertion for email id is Passed]]>
    </line>
    <line>
      <![CDATA[Assertion for Amount is Passed]]>
    </line>
    <line>
      <![CDATA[Number of rings below Rs 10000 are : (44)]]>
    </line>
    <line>
      <![CDATA[Error message is displayed and the message is : Amount is required]]>
    </line>
    <line>
      <![CDATA[Error message is displayed and the message is : Email is required]]>
    </line>
    <line>
      <![CDATA[Next Day Delivery (121)]]>
    </line>
    <line>
      <![CDATA[Assertion is Passed]]>
    </line>
    <line>
      <![CDATA[Platinum Rings : (47)]]>
    </line>
    <line>
      <![CDATA[Total number of stores : 6]]>
    </line>
    <line>
      <![CDATA[Store location 1 : New Delhi]]>
    </line>
    <line>
      <![CDATA[Store location 2 : Chennai]]>
    </line>
    <line>
      <![CDATA[Store location 3 : Chandigarh]]>
    </line>
    <line>
      <![CDATA[Store location 4 : Mumbai]]>
    </line>
    <line>
      <![CDATA[Store location 5 : Mohali]]>
    </line>
    <line>
      <![CDATA[Store location 6 : Hyderabad]]>
    </line>
    <line>
      <![CDATA[gold coin : 22k (126)]]>
    </line>
  </reporter-output>
  <suite name="Suite" duration-ms="229115" started-at="2019-04-01T20:09:00Z" finished-at="2019-04-01T20:12:49Z">
    <groups>
    </groups>
    <test name="Test" duration-ms="229115" started-at="2019-04-01T20:09:00Z" finished-at="2019-04-01T20:12:49Z">
      <class name="scripts.Assignment4">
        <test-method status="PASS" signature="openApplication()[pri:0, instance:scripts.Assignment4@75bd9247]" name="openApplication" is-config="true" duration-ms="3720" started-at="2019-04-01T20:10:27Z" finished-at="2019-04-01T20:10:30Z">
          <reporter-output>
          </reporter-output>
        </test-method> <!-- openApplication -->
        <test-method status="PASS" signature="scenario4()[pri:0, instance:scripts.Assignment4@75bd9247]" name="scenario4" duration-ms="8149" started-at="2019-04-01T20:10:30Z" finished-at="2019-04-01T20:10:38Z">
          <reporter-output>
            <line>
              <![CDATA[Coin details : 5 gram 24 KT Lakshmi Gold Coin]]>
            </line>
            <line>
              <![CDATA[Assertion Passed]]>
            </line>
          </reporter-output>
        </test-method> <!-- scenario4 -->
        <test-method status="PASS" signature="closeApplication(org.testng.ITestResult)[pri:0, instance:scripts.Assignment4@75bd9247]" name="closeApplication" is-config="true" duration-ms="463" started-at="2019-04-01T20:10:38Z" finished-at="2019-04-01T20:10:39Z">
          <params>
            <param index="0">
              <value>
                <![CDATA[[TestResult name=scenario4 status=SUCCESS method=Assignment4.scenario4()[pri:0, instance:scripts.Assignment4@75bd9247] output=Coin details : 5 gram 24 KT Lakshmi Gold Coin]]]>
              </value>
            </param>
          </params>
          <reporter-output>
          </reporter-output>
        </test-method> <!-- closeApplication -->
      </class> <!-- scripts.Assignment4 -->
      <class name="scripts.Assignment12">
        <test-method status="PASS" signature="openApplication()[pri:0, instance:scripts.Assignment12@4cdbe50f]" name="openApplication" is-config="true" duration-ms="3621" started-at="2019-04-01T20:10:19Z" finished-at="2019-04-01T20:10:22Z">
          <reporter-output>
          </reporter-output>
        </test-method> <!-- openApplication -->
        <test-method status="PASS" signature="scenario12()[pri:0, instance:scripts.Assignment12@4cdbe50f]" name="scenario12" duration-ms="3693" started-at="2019-04-01T20:10:22Z" finished-at="2019-04-01T20:10:26Z">
          <reporter-output>
            <line>
              <![CDATA[Errer message is displayed and the message is : Amount is required]]>
            </line>
            <line>
              <![CDATA[Errer message is displayed and the message is : Email is required]]>
            </line>
          </reporter-output>
        </test-method> <!-- scenario12 -->
        <test-method status="PASS" signature="closeApplication(org.testng.ITestResult)[pri:0, instance:scripts.Assignment12@4cdbe50f]" name="closeApplication" is-config="true" duration-ms="490" started-at="2019-04-01T20:10:26Z" finished-at="2019-04-01T20:10:27Z">
          <params>
            <param index="0">
              <value>
                <![CDATA[[TestResult name=scenario12 status=SUCCESS method=Assignment12.scenario12()[pri:0, instance:scripts.Assignment12@4cdbe50f] output=Errer message is displayed and the message is : Amount is required]]]>
              </value>
            </param>
          </params>
          <reporter-output>
          </reporter-output>
        </test-method> <!-- closeApplication -->
      </class> <!-- scripts.Assignment12 -->
      <class name="scripts.Assignment3">
        <test-method status="PASS" signature="openApplication()[pri:0, instance:scripts.Assignment3@3f0ee7cb]" name="openApplication" is-config="true" duration-ms="4048" started-at="2019-04-01T20:10:03Z" finished-at="2019-04-01T20:10:07Z">
          <reporter-output>
          </reporter-output>
        </test-method> <!-- openApplication -->
        <test-method status="PASS" signature="scenario3()[pri:0, instance:scripts.Assignment3@3f0ee7cb]" name="scenario3" duration-ms="9035" started-at="2019-04-01T20:10:07Z" finished-at="2019-04-01T20:10:16Z">
          <reporter-output>
            <line>
              <![CDATA[Coin details : 2 gram 24 KT Lakshmi Gold Coin]]>
            </line>
            <line>
              <![CDATA[Assertion Passed]]>
            </line>
          </reporter-output>
        </test-method> <!-- scenario3 -->
        <test-method status="PASS" signature="closeApplication(org.testng.ITestResult)[pri:0, instance:scripts.Assignment3@3f0ee7cb]" name="closeApplication" is-config="true" duration-ms="2682" started-at="2019-04-01T20:10:16Z" finished-at="2019-04-01T20:10:19Z">
          <params>
            <param index="0">
              <value>
                <![CDATA[[TestResult name=scenario3 status=SUCCESS method=Assignment3.scenario3()[pri:0, instance:scripts.Assignment3@3f0ee7cb] output=Coin details : 2 gram 24 KT Lakshmi Gold Coin]]]>
              </value>
            </param>
          </params>
          <reporter-output>
          </reporter-output>
        </test-method> <!-- closeApplication -->
      </class> <!-- scripts.Assignment3 -->
      <class name="scripts.Assignment13">
        <test-method status="PASS" signature="openApplication()[pri:0, instance:scripts.Assignment13@66d33a]" name="openApplication" is-config="true" duration-ms="3688" started-at="2019-04-01T20:10:39Z" finished-at="2019-04-01T20:10:43Z">
          <reporter-output>
          </reporter-output>
        </test-method> <!-- openApplication -->
        <test-method status="PASS" signature="scenario13()[pri:0, instance:scripts.Assignment13@66d33a]" name="scenario13" duration-ms="7126" started-at="2019-04-01T20:10:43Z" finished-at="2019-04-01T20:10:50Z">
          <reporter-output>
            <line>
              <![CDATA[Assertion for email id is Passed]]>
            </line>
            <line>
              <![CDATA[Assertion for Amount is Passed]]>
            </line>
          </reporter-output>
        </test-method> <!-- scenario13 -->
        <test-method status="PASS" signature="closeApplication(org.testng.ITestResult)[pri:0, instance:scripts.Assignment13@66d33a]" name="closeApplication" is-config="true" duration-ms="393" started-at="2019-04-01T20:10:50Z" finished-at="2019-04-01T20:10:50Z">
          <params>
            <param index="0">
              <value>
                <![CDATA[[TestResult name=scenario13 status=SUCCESS method=Assignment13.scenario13()[pri:0, instance:scripts.Assignment13@66d33a] output=Assertion for email id is Passed]]]>
              </value>
            </param>
          </params>
          <reporter-output>
          </reporter-output>
        </test-method> <!-- closeApplication -->
      </class> <!-- scripts.Assignment13 -->
      <class name="scripts.Assignment14">
        <test-method status="PASS" signature="openApplication()[pri:0, instance:scripts.Assignment14@7cf10a6f]" name="openApplication" is-config="true" duration-ms="3784" started-at="2019-04-01T20:11:04Z" finished-at="2019-04-01T20:11:07Z">
          <reporter-output>
          </reporter-output>
        </test-method> <!-- openApplication -->
        <test-method status="PASS" signature="scenario14()[pri:0, instance:scripts.Assignment14@7cf10a6f]" name="scenario14" duration-ms="5818" started-at="2019-04-01T20:11:07Z" finished-at="2019-04-01T20:11:13Z">
          <reporter-output>
            <line>
              <![CDATA[Assertion for email id is Passed]]>
            </line>
            <line>
              <![CDATA[Assertion for Amount is Passed]]>
            </line>
          </reporter-output>
        </test-method> <!-- scenario14 -->
        <test-method status="PASS" signature="closeApplication(org.testng.ITestResult)[pri:0, instance:scripts.Assignment14@7cf10a6f]" name="closeApplication" is-config="true" duration-ms="782" started-at="2019-04-01T20:11:13Z" finished-at="2019-04-01T20:11:14Z">
          <params>
            <param index="0">
              <value>
                <![CDATA[[TestResult name=scenario14 status=SUCCESS method=Assignment14.scenario14()[pri:0, instance:scripts.Assignment14@7cf10a6f] output=Assertion for email id is Passed]]]>
              </value>
            </param>
          </params>
          <reporter-output>
          </reporter-output>
        </test-method> <!-- closeApplication -->
      </class> <!-- scripts.Assignment14 -->
      <class name="scripts.Assignment6">
        <test-method status="PASS" signature="openApplication()[pri:0, instance:scripts.Assignment6@7dc36524]" name="openApplication" is-config="true" duration-ms="3976" started-at="2019-04-01T20:11:14Z" finished-at="2019-04-01T20:11:18Z">
          <reporter-output>
          </reporter-output>
        </test-method> <!-- openApplication -->
        <test-method status="PASS" signature="scenario6()[pri:0, instance:scripts.Assignment6@7dc36524]" name="scenario6" duration-ms="4423" started-at="2019-04-01T20:11:18Z" finished-at="2019-04-01T20:11:22Z">
          <reporter-output>
            <line>
              <![CDATA[Number of rings below Rs 10000 are : (44)]]>
            </line>
          </reporter-output>
        </test-method> <!-- scenario6 -->
        <test-method status="PASS" signature="closeApplication(org.testng.ITestResult)[pri:0, instance:scripts.Assignment6@7dc36524]" name="closeApplication" is-config="true" duration-ms="2640" started-at="2019-04-01T20:11:22Z" finished-at="2019-04-01T20:11:25Z">
          <params>
            <param index="0">
              <value>
                <![CDATA[[TestResult name=scenario6 status=SUCCESS method=Assignment6.scenario6()[pri:0, instance:scripts.Assignment6@7dc36524] output=Number of rings below Rs 10000 are : (44)]]]>
              </value>
            </param>
          </params>
          <reporter-output>
          </reporter-output>
        </test-method> <!-- closeApplication -->
      </class> <!-- scripts.Assignment6 -->
      <class name="scripts.Assignment15">
        <test-method status="PASS" signature="openApplication()[pri:0, instance:scripts.Assignment15@7e0babb1]" name="openApplication" is-config="true" duration-ms="3575" started-at="2019-04-01T20:11:25Z" finished-at="2019-04-01T20:11:29Z">
          <reporter-output>
          </reporter-output>
        </test-method> <!-- openApplication -->
        <test-method status="PASS" signature="scenario15()[pri:0, instance:scripts.Assignment15@7e0babb1]" name="scenario15" duration-ms="6747" started-at="2019-04-01T20:11:29Z" finished-at="2019-04-01T20:11:35Z">
          <reporter-output>
            <line>
              <![CDATA[Error message is displayed and the message is : Amount is required]]>
            </line>
            <line>
              <![CDATA[Error message is displayed and the message is : Email is required]]>
            </line>
          </reporter-output>
        </test-method> <!-- scenario15 -->
        <test-method status="PASS" signature="closeApplication(org.testng.ITestResult)[pri:0, instance:scripts.Assignment15@7e0babb1]" name="closeApplication" is-config="true" duration-ms="467" started-at="2019-04-01T20:11:35Z" finished-at="2019-04-01T20:11:36Z">
          <params>
            <param index="0">
              <value>
                <![CDATA[[TestResult name=scenario15 status=SUCCESS method=Assignment15.scenario15()[pri:0, instance:scripts.Assignment15@7e0babb1] output=Error message is displayed and the message is : Amount is required]]]>
              </value>
            </param>
          </params>
          <reporter-output>
          </reporter-output>
        </test-method> <!-- closeApplication -->
      </class> <!-- scripts.Assignment15 -->
      <class name="scripts.Assignment5">
        <test-method status="PASS" signature="openApplication()[pri:0, instance:scripts.Assignment5@7d417077]" name="openApplication" is-config="true" duration-ms="3767" started-at="2019-04-01T20:10:50Z" finished-at="2019-04-01T20:10:54Z">
          <reporter-output>
          </reporter-output>
        </test-method> <!-- openApplication -->
        <test-method status="PASS" signature="scenario5()[pri:0, instance:scripts.Assignment5@7d417077]" name="scenario5" duration-ms="9097" started-at="2019-04-01T20:10:54Z" finished-at="2019-04-01T20:11:03Z">
          <reporter-output>
            <line>
              <![CDATA[Coin details : 10 gram 24 KT Lakshmi Gold Coin]]>
            </line>
            <line>
              <![CDATA[Assertion Passed]]>
            </line>
          </reporter-output>
        </test-method> <!-- scenario5 -->
        <test-method status="PASS" signature="closeApplication(org.testng.ITestResult)[pri:0, instance:scripts.Assignment5@7d417077]" name="closeApplication" is-config="true" duration-ms="609" started-at="2019-04-01T20:11:03Z" finished-at="2019-04-01T20:11:04Z">
          <params>
            <param index="0">
              <value>
                <![CDATA[[TestResult name=scenario5 status=SUCCESS method=Assignment5.scenario5()[pri:0, instance:scripts.Assignment5@7d417077] output=Coin details : 10 gram 24 KT Lakshmi Gold Coin]]]>
              </value>
            </param>
          </params>
          <reporter-output>
          </reporter-output>
        </test-method> <!-- closeApplication -->
      </class> <!-- scripts.Assignment5 -->
      <class name="scripts.Assignment8">
        <test-method status="PASS" signature="openApplication()[pri:0, instance:scripts.Assignment8@2c8d66b2]" name="openApplication" is-config="true" duration-ms="4013" started-at="2019-04-01T20:12:05Z" finished-at="2019-04-01T20:12:09Z">
          <reporter-output>
          </reporter-output>
        </test-method> <!-- openApplication -->
        <test-method status="PASS" signature="scenario8()[pri:0, instance:scripts.Assignment8@2c8d66b2]" name="scenario8" duration-ms="11432" started-at="2019-04-01T20:12:09Z" finished-at="2019-04-01T20:12:20Z">
          <reporter-output>
            <line>
              <![CDATA[Platinum Rings : (47)]]>
            </line>
          </reporter-output>
        </test-method> <!-- scenario8 -->
        <test-method status="PASS" signature="closeApplication(org.testng.ITestResult)[pri:0, instance:scripts.Assignment8@2c8d66b2]" name="closeApplication" is-config="true" duration-ms="2710" started-at="2019-04-01T20:12:20Z" finished-at="2019-04-01T20:12:23Z">
          <params>
            <param index="0">
              <value>
                <![CDATA[[TestResult name=scenario8 status=SUCCESS method=Assignment8.scenario8()[pri:0, instance:scripts.Assignment8@2c8d66b2] output=Platinum Rings : (47)]]]>
              </value>
            </param>
          </params>
          <reporter-output>
          </reporter-output>
        </test-method> <!-- closeApplication -->
      </class> <!-- scripts.Assignment8 -->
      <class name="scripts.Assignment7">
        <test-method status="PASS" signature="openApplication()[pri:0, instance:scripts.Assignment7@35bbe5e8]" name="openApplication" is-config="true" duration-ms="3811" started-at="2019-04-01T20:11:36Z" finished-at="2019-04-01T20:11:40Z">
          <reporter-output>
          </reporter-output>
        </test-method> <!-- openApplication -->
        <test-method status="PASS" signature="scenario7()[pri:0, instance:scripts.Assignment7@35bbe5e8]" name="scenario7" duration-ms="9039" started-at="2019-04-01T20:11:40Z" finished-at="2019-04-01T20:11:49Z">
          <reporter-output>
            <line>
              <![CDATA[Next Day Delivery (121)]]>
            </line>
          </reporter-output>
        </test-method> <!-- scenario7 -->
        <test-method status="PASS" signature="closeApplication(org.testng.ITestResult)[pri:0, instance:scripts.Assignment7@35bbe5e8]" name="closeApplication" is-config="true" duration-ms="593" started-at="2019-04-01T20:11:49Z" finished-at="2019-04-01T20:11:49Z">
          <params>
            <param index="0">
              <value>
                <![CDATA[[TestResult name=scenario7 status=SUCCESS method=Assignment7.scenario7()[pri:0, instance:scripts.Assignment7@35bbe5e8] output=Next Day Delivery (121)]]]>
              </value>
            </param>
          </params>
          <reporter-output>
          </reporter-output>
        </test-method> <!-- closeApplication -->
      </class> <!-- scripts.Assignment7 -->
      <class name="scripts.Assignment20">
        <test-method status="PASS" signature="openApplication()[pri:0, instance:scripts.Assignment20@c818063]" name="openApplication" is-config="true" duration-ms="4069" started-at="2019-04-01T20:09:41Z" finished-at="2019-04-01T20:09:45Z">
          <reporter-output>
          </reporter-output>
        </test-method> <!-- openApplication -->
        <test-method status="PASS" signature="scenario20()[pri:0, instance:scripts.Assignment20@c818063]" name="scenario20" duration-ms="7796" started-at="2019-04-01T20:09:45Z" finished-at="2019-04-01T20:09:53Z">
          <reporter-output>
          </reporter-output>
        </test-method> <!-- scenario20 -->
        <test-method status="PASS" signature="closeApplication(org.testng.ITestResult)[pri:0, instance:scripts.Assignment20@c818063]" name="closeApplication" is-config="true" duration-ms="661" started-at="2019-04-01T20:09:53Z" finished-at="2019-04-01T20:09:54Z">
          <params>
            <param index="0">
              <value>
                <![CDATA[[TestResult name=scenario20 status=SUCCESS method=Assignment20.scenario20()[pri:0, instance:scripts.Assignment20@c818063] output={null}]]]>
              </value>
            </param>
          </params>
          <reporter-output>
          </reporter-output>
        </test-method> <!-- closeApplication -->
      </class> <!-- scripts.Assignment20 -->
      <class name="scripts.Assignment10">
        <test-method status="PASS" signature="openApplication()[pri:0, instance:scripts.Assignment10@1fbc7afb]" name="openApplication" is-config="true" duration-ms="4848" started-at="2019-04-01T20:09:26Z" finished-at="2019-04-01T20:09:31Z">
          <reporter-output>
          </reporter-output>
        </test-method> <!-- openApplication -->
        <test-method status="PASS" signature="scenario10()[pri:0, instance:scripts.Assignment10@1fbc7afb]" name="scenario10" duration-ms="9883" started-at="2019-04-01T20:09:31Z" finished-at="2019-04-01T20:09:41Z">
          <reporter-output>
            <line>
              <![CDATA[Women count : Women (1674)]]>
            </line>
          </reporter-output>
        </test-method> <!-- scenario10 -->
        <test-method status="PASS" signature="closeApplication(org.testng.ITestResult)[pri:0, instance:scripts.Assignment10@1fbc7afb]" name="closeApplication" is-config="true" duration-ms="503" started-at="2019-04-01T20:09:41Z" finished-at="2019-04-01T20:09:41Z">
          <params>
            <param index="0">
              <value>
                <![CDATA[[TestResult name=scenario10 status=SUCCESS method=Assignment10.scenario10()[pri:0, instance:scripts.Assignment10@1fbc7afb] output=Women count : Women (1674)]]]>
              </value>
            </param>
          </params>
          <reporter-output>
          </reporter-output>
        </test-method> <!-- closeApplication -->
      </class> <!-- scripts.Assignment10 -->
      <class name="scripts.Assignment11">
        <test-method status="PASS" signature="openApplication()[pri:0, instance:scripts.Assignment11@45c8e616]" name="openApplication" is-config="true" duration-ms="3840" started-at="2019-04-01T20:09:54Z" finished-at="2019-04-01T20:09:57Z">
          <reporter-output>
          </reporter-output>
        </test-method> <!-- openApplication -->
        <test-method status="PASS" signature="scenario11()[pri:0, instance:scripts.Assignment11@45c8e616]" name="scenario11" duration-ms="5087" started-at="2019-04-01T20:09:57Z" finished-at="2019-04-01T20:10:03Z">
          <reporter-output>
            <line>
              <![CDATA[Main menu is being displayed]]>
            </line>
            <line>
              <![CDATA[10+1 MONTHLY SCHEME]]>
            </line>
            <line>
              <![CDATA[RINGS]]>
            </line>
            <line>
              <![CDATA[EARRINGS]]>
            </line>
            <line>
              <![CDATA[PENDANTS]]>
            </line>
            <line>
              <![CDATA[SOLITAIRES]]>
            </line>
            <line>
              <![CDATA[ALL JEWELLERY]]>
            </line>
            <line>
              <![CDATA[GIFTS]]>
            </line>
            <line>
              <![CDATA[GOLD COINS]]>
            </line>
            <line>
              <![CDATA[NEXT DAY DELIVERY]]>
            </line>
            <line>
              <![CDATA[OFFERS]]>
            </line>
          </reporter-output>
        </test-method> <!-- scenario11 -->
        <test-method status="PASS" signature="closeApplication(org.testng.ITestResult)[pri:0, instance:scripts.Assignment11@45c8e616]" name="closeApplication" is-config="true" duration-ms="414" started-at="2019-04-01T20:10:03Z" finished-at="2019-04-01T20:10:03Z">
          <params>
            <param index="0">
              <value>
                <![CDATA[[TestResult name=scenario11 status=SUCCESS method=Assignment11.scenario11()[pri:0, instance:scripts.Assignment11@45c8e616] output=Main menu is being displayed]]]>
              </value>
            </param>
          </params>
          <reporter-output>
          </reporter-output>
        </test-method> <!-- closeApplication -->
      </class> <!-- scripts.Assignment11 -->
      <class name="scripts.Assignment9">
        <test-method status="PASS" signature="openApplication()[pri:0, instance:scripts.Assignment9@5a39699c]" name="openApplication" is-config="true" duration-ms="4259" started-at="2019-04-01T20:12:34Z" finished-at="2019-04-01T20:12:38Z">
          <reporter-output>
          </reporter-output>
        </test-method> <!-- openApplication -->
        <test-method status="PASS" signature="scenario9()[pri:0, instance:scripts.Assignment9@5a39699c]" name="scenario9" duration-ms="7858" started-at="2019-04-01T20:12:38Z" finished-at="2019-04-01T20:12:46Z">
          <reporter-output>
            <line>
              <![CDATA[gold coin : 22k (126)]]>
            </line>
          </reporter-output>
        </test-method> <!-- scenario9 -->
        <test-method status="PASS" signature="closeApplication(org.testng.ITestResult)[pri:0, instance:scripts.Assignment9@5a39699c]" name="closeApplication" is-config="true" duration-ms="2672" started-at="2019-04-01T20:12:46Z" finished-at="2019-04-01T20:12:49Z">
          <params>
            <param index="0">
              <value>
                <![CDATA[[TestResult name=scenario9 status=SUCCESS method=Assignment9.scenario9()[pri:0, instance:scripts.Assignment9@5a39699c] output=gold coin : 22k (126)]]]>
              </value>
            </param>
          </params>
          <reporter-output>
          </reporter-output>
        </test-method> <!-- closeApplication -->
      </class> <!-- scripts.Assignment9 -->
      <class name="scripts.Assignment16">
        <test-method status="PASS" signature="openApplication()[pri:0, instance:scripts.Assignment16@6debcae2]" name="openApplication" is-config="true" duration-ms="3713" started-at="2019-04-01T20:11:49Z" finished-at="2019-04-01T20:11:53Z">
          <reporter-output>
          </reporter-output>
        </test-method> <!-- openApplication -->
        <test-method status="PASS" signature="scenario16()[pri:0, instance:scripts.Assignment16@6debcae2]" name="scenario16" duration-ms="11595" started-at="2019-04-01T20:11:53Z" finished-at="2019-04-01T20:12:05Z">
          <reporter-output>
            <line>
              <![CDATA[Assertion is Passed]]>
            </line>
          </reporter-output>
        </test-method> <!-- scenario16 -->
        <test-method status="PASS" signature="closeApplication(org.testng.ITestResult)[pri:0, instance:scripts.Assignment16@6debcae2]" name="closeApplication" is-config="true" duration-ms="432" started-at="2019-04-01T20:12:05Z" finished-at="2019-04-01T20:12:05Z">
          <params>
            <param index="0">
              <value>
                <![CDATA[[TestResult name=scenario16 status=SUCCESS method=Assignment16.scenario16()[pri:0, instance:scripts.Assignment16@6debcae2] output=Assertion is Passed]]]>
              </value>
            </param>
          </params>
          <reporter-output>
          </reporter-output>
        </test-method> <!-- closeApplication -->
      </class> <!-- scripts.Assignment16 -->
      <class name="scripts.Assignment17">
        <test-method status="PASS" signature="openApplication()[pri:0, instance:scripts.Assignment17@5ba23b66]" name="openApplication" is-config="true" duration-ms="4119" started-at="2019-04-01T20:12:23Z" finished-at="2019-04-01T20:12:27Z">
          <reporter-output>
          </reporter-output>
        </test-method> <!-- openApplication -->
        <test-method status="PASS" signature="scenario17()[pri:0, instance:scripts.Assignment17@5ba23b66]" name="scenario17" duration-ms="6095" started-at="2019-04-01T20:12:27Z" finished-at="2019-04-01T20:12:33Z">
          <reporter-output>
            <line>
              <![CDATA[Total number of stores : 6]]>
            </line>
            <line>
              <![CDATA[Store location 1 : New Delhi]]>
            </line>
            <line>
              <![CDATA[Store location 2 : Chennai]]>
            </line>
            <line>
              <![CDATA[Store location 3 : Chandigarh]]>
            </line>
            <line>
              <![CDATA[Store location 4 : Mumbai]]>
            </line>
            <line>
              <![CDATA[Store location 5 : Mohali]]>
            </line>
            <line>
              <![CDATA[Store location 6 : Hyderabad]]>
            </line>
          </reporter-output>
        </test-method> <!-- scenario17 -->
        <test-method status="PASS" signature="closeApplication(org.testng.ITestResult)[pri:0, instance:scripts.Assignment17@5ba23b66]" name="closeApplication" is-config="true" duration-ms="580" started-at="2019-04-01T20:12:33Z" finished-at="2019-04-01T20:12:34Z">
          <params>
            <param index="0">
              <value>
                <![CDATA[[TestResult name=scenario17 status=SUCCESS method=Assignment17.scenario17()[pri:0, instance:scripts.Assignment17@5ba23b66] output=Total number of stores : 6]]]>
              </value>
            </param>
          </params>
          <reporter-output>
          </reporter-output>
        </test-method> <!-- closeApplication -->
      </class> <!-- scripts.Assignment17 -->
      <class name="scripts.Assignment2">
        <test-method status="PASS" signature="openApplication()[pri:0, instance:scripts.Assignment2@2ff4f00f]" name="openApplication" is-config="true" duration-ms="4185" started-at="2019-04-01T20:09:14Z" finished-at="2019-04-01T20:09:18Z">
          <reporter-output>
          </reporter-output>
        </test-method> <!-- openApplication -->
        <test-method status="PASS" signature="scenario2()[pri:0, instance:scripts.Assignment2@2ff4f00f]" name="scenario2" duration-ms="7703" started-at="2019-04-01T20:09:18Z" finished-at="2019-04-01T20:09:25Z">
          <reporter-output>
            <line>
              <![CDATA[Coin details : 50 gram 24 KT Gold Coin]]>
            </line>
            <line>
              <![CDATA[Assertion Passed]]>
            </line>
          </reporter-output>
        </test-method> <!-- scenario2 -->
        <test-method status="PASS" signature="closeApplication(org.testng.ITestResult)[pri:0, instance:scripts.Assignment2@2ff4f00f]" name="closeApplication" is-config="true" duration-ms="422" started-at="2019-04-01T20:09:25Z" finished-at="2019-04-01T20:09:26Z">
          <params>
            <param index="0">
              <value>
                <![CDATA[[TestResult name=scenario2 status=SUCCESS method=Assignment2.scenario2()[pri:0, instance:scripts.Assignment2@2ff4f00f] output=Coin details : 50 gram 24 KT Gold Coin]]]>
              </value>
            </param>
          </params>
          <reporter-output>
          </reporter-output>
        </test-method> <!-- closeApplication -->
      </class> <!-- scripts.Assignment2 -->
      <class name="scripts.Assignment1">
        <test-method status="PASS" signature="openApplication()[pri:0, instance:scripts.Assignment1@5e025e70]" name="openApplication" is-config="true" duration-ms="4996" started-at="2019-04-01T20:09:00Z" finished-at="2019-04-01T20:09:05Z">
          <reporter-output>
          </reporter-output>
        </test-method> <!-- openApplication -->
        <test-method status="PASS" signature="scenario1()[pri:0, instance:scripts.Assignment1@5e025e70]" name="scenario1" duration-ms="8450" started-at="2019-04-01T20:09:05Z" finished-at="2019-04-01T20:09:13Z">
          <reporter-output>
            <line>
              <![CDATA[Coin details : 20 gram 24 KT Gold Coin]]>
            </line>
            <line>
              <![CDATA[Assertion Passed]]>
            </line>
          </reporter-output>
        </test-method> <!-- scenario1 -->
        <test-method status="PASS" signature="closeApplication(org.testng.ITestResult)[pri:0, instance:scripts.Assignment1@5e025e70]" name="closeApplication" is-config="true" duration-ms="502" started-at="2019-04-01T20:09:13Z" finished-at="2019-04-01T20:09:14Z">
          <params>
            <param index="0">
              <value>
                <![CDATA[[TestResult name=scenario1 status=SUCCESS method=Assignment1.scenario1()[pri:0, instance:scripts.Assignment1@5e025e70] output=Coin details : 20 gram 24 KT Gold Coin]]]>
              </value>
            </param>
          </params>
          <reporter-output>
          </reporter-output>
        </test-method> <!-- closeApplication -->
      </class> <!-- scripts.Assignment1 -->
    </test> <!-- Test -->
  </suite> <!-- Suite -->
</testng-results>
