<?xml version="1.0" encoding="UTF-8"?>
<!-- Generated by org.testng.reporters.JUnitXMLReporter -->
<testsuite hostname="Shiv" name="Default test" tests="311" failures="0" timestamp="31 Mar 2019 12:54:09 GMT" time="1.386" errors="0">
  <testcase name="testData" time="0.11" classname="office.DPAndAssertion"/>
  <testcase name="testData" time="0.003" classname="office.DPAndAssertion"/>
  <testcase name="testData" time="0.002" classname="office.DPAndAssertion"/>
  <testcase name="testData" time="0.001" classname="office.DPAndAssertion"/>
  <testcase name="testData" time="0.002" classname="office.DPAndAssertion"/>
  <testcase name="testData" time="0.002" classname="office.DPAndAssertion"/>
  <testcase name="testData" time="0.001" classname="office.DPAndAssertion"/>
  <testcase name="testData" time="0.002" classname="office.DPAndAssertion"/>
  <testcase name="testData" time="0.003" classname="office.DPAndAssertion"/>
  <testcase name="testData" time="0.01" classname="office.DPAndAssertion"/>
  <testcase name="testData" time="0.003" classname="office.DPAndAssertion"/>
  <testcase name="testData" time="0.001" classname="office.DPAndAssertion"/>
  <testcase name="testData" time="0.003" classname="office.DPAndAssertion"/>
  <testcase name="testData" time="0.002" classname="office.DPAndAssertion"/>
  <testcase name="testData" time="0.002" classname="office.DPAndAssertion"/>
  <testcase name="testData" time="0.001" classname="office.DPAndAssertion"/>
  <testcase name="testData" time="0.001" classname="office.DPAndAssertion"/>
  <testcase name="testData" time="0.001" classname="office.DPAndAssertion"/>
  <testcase name="testData" time="0.001" classname="office.DPAndAssertion"/>
  <testcase name="testData" time="0.005" classname="office.DPAndAssertion"/>
  <testcase name="testData" time="0.001" classname="office.DPAndAssertion"/>
  <testcase name="testData" time="0.001" classname="office.DPAndAssertion"/>
  <testcase name="testData" time="0.002" classname="office.DPAndAssertion"/>
  <testcase name="testData" time="0.001" classname="office.DPAndAssertion"/>
  <testcase name="testData" time="0.0" classname="office.DPAndAssertion"/>
  <testcase name="testData" time="0.0" classname="office.DPAndAssertion"/>
  <testcase name="testData" time="0.0" classname="office.DPAndAssertion"/>
  <testcase name="testData" time="0.0" classname="office.DPAndAssertion"/>
  <testcase name="testData" time="0.001" classname="office.DPAndAssertion"/>
  <testcase name="testData" time="0.001" classname="office.DPAndAssertion"/>
  <testcase name="testData" time="0.002" classname="office.DPAndAssertion"/>
  <testcase name="testData" time="0.001" classname="office.DPAndAssertion"/>
  <testcase name="testData" time="0.0" classname="office.DPAndAssertion"/>
  <testcase name="testData" time="0.001" classname="office.DPAndAssertion"/>
  <testcase name="testData" time="0.001" classname="office.DPAndAssertion"/>
  <testcase name="testData" time="0.0" classname="office.DPAndAssertion"/>
  <testcase name="testData" time="0.0" classname="office.DPAndAssertion"/>
  <testcase name="testData" time="0.0" classname="office.DPAndAssertion"/>
  <testcase name="testData" time="0.001" classname="office.DPAndAssertion"/>
  <testcase name="testData" time="0.001" classname="office.DPAndAssertion"/>
  <testcase name="testData" time="0.0" classname="office.DPAndAssertion"/>
  <testcase name="testData" time="0.0" classname="office.DPAndAssertion"/>
  <testcase name="testData" time="0.001" classname="office.DPAndAssertion"/>
  <testcase name="testData" time="0.0" classname="office.DPAndAssertion"/>
  <testcase name="testData" time="0.0" classname="office.DPAndAssertion"/>
  <testcase name="testData" time="0.0" classname="office.DPAndAssertion"/>
  <testcase name="testData" time="0.001" classname="office.DPAndAssertion"/>
  <testcase name="testData" time="0.0" classname="office.DPAndAssertion"/>
  <testcase name="testData" time="0.001" classname="office.DPAndAssertion"/>
  <testcase name="testData" time="0.001" classname="office.DPAndAssertion"/>
  <testcase name="testData" time="0.002" classname="office.DPAndAssertion"/>
  <testcase name="testData" time="0.002" classname="office.DPAndAssertion"/>
  <testcase name="testData" time="0.001" classname="office.DPAndAssertion"/>
  <testcase name="testData" time="0.0" classname="office.DPAndAssertion"/>
  <testcase name="testData" time="0.004" classname="office.DPAndAssertion"/>
  <testcase name="testData" time="0.0" classname="office.DPAndAssertion"/>
  <testcase name="testData" time="0.001" classname="office.DPAndAssertion"/>
  <testcase name="testData" time="0.0" classname="office.DPAndAssertion"/>
  <testcase name="testData" time="0.0" classname="office.DPAndAssertion"/>
  <testcase name="testData" time="0.0" classname="office.DPAndAssertion"/>
  <testcase name="testData" time="0.0" classname="office.DPAndAssertion"/>
  <testcase name="testData" time="0.001" classname="office.DPAndAssertion"/>
  <testcase name="testData" time="0.003" classname="office.DPAndAssertion"/>
  <testcase name="testData" time="0.001" classname="office.DPAndAssertion"/>
  <testcase name="testData" time="0.0" classname="office.DPAndAssertion"/>
  <testcase name="testData" time="0.0" classname="office.DPAndAssertion"/>
  <testcase name="testData" time="0.0" classname="office.DPAndAssertion"/>
  <testcase name="testData" time="0.0" classname="office.DPAndAssertion"/>
  <testcase name="testData" time="0.001" classname="office.DPAndAssertion"/>
  <testcase name="testData" time="0.0" classname="office.DPAndAssertion"/>
  <testcase name="testData" time="0.0" classname="office.DPAndAssertion"/>
  <testcase name="testData" time="0.0" classname="office.DPAndAssertion"/>
  <testcase name="testData" time="0.001" classname="office.DPAndAssertion"/>
  <testcase name="testData" time="0.0" classname="office.DPAndAssertion"/>
  <testcase name="testData" time="0.0" classname="office.DPAndAssertion"/>
  <testcase name="testData" time="0.0" classname="office.DPAndAssertion"/>
  <testcase name="testData" time="0.0" classname="office.DPAndAssertion"/>
  <testcase name="testData" time="0.001" classname="office.DPAndAssertion"/>
  <testcase name="testData" time="0.001" classname="office.DPAndAssertion"/>
  <testcase name="testData" time="0.0" classname="office.DPAndAssertion"/>
  <testcase name="testData" time="0.0" classname="office.DPAndAssertion"/>
  <testcase name="testData" time="0.0" classname="office.DPAndAssertion"/>
  <testcase name="testData" time="0.0" classname="office.DPAndAssertion"/>
  <testcase name="testData" time="0.001" classname="office.DPAndAssertion"/>
  <testcase name="testData" time="0.0" classname="office.DPAndAssertion"/>
  <testcase name="testData" time="0.0" classname="office.DPAndAssertion"/>
  <testcase name="testData" time="0.0" classname="office.DPAndAssertion"/>
  <testcase name="testData" time="0.0" classname="office.DPAndAssertion"/>
  <testcase name="testData" time="0.0" classname="office.DPAndAssertion"/>
  <testcase name="testData" time="0.001" classname="office.DPAndAssertion"/>
  <testcase name="testData" time="0.0" classname="office.DPAndAssertion"/>
  <testcase name="testData" time="0.0" classname="office.DPAndAssertion"/>
  <testcase name="testData" time="0.001" classname="office.DPAndAssertion"/>
  <testcase name="testData" time="0.0" classname="office.DPAndAssertion"/>
  <testcase name="testData" time="0.0" classname="office.DPAndAssertion"/>
  <testcase name="testData" time="0.0" classname="office.DPAndAssertion"/>
  <testcase name="testData" time="0.001" classname="office.DPAndAssertion"/>
  <testcase name="testData" time="0.001" classname="office.DPAndAssertion"/>
  <testcase name="testData" time="0.0" classname="office.DPAndAssertion"/>
  <testcase name="testData" time="0.0" classname="office.DPAndAssertion"/>
  <testcase name="testData" time="0.001" classname="office.DPAndAssertion"/>
  <testcase name="testData" time="0.002" classname="office.DPAndAssertion"/>
  <testcase name="testData" time="0.001" classname="office.DPAndAssertion"/>
  <testcase name="testData" time="0.001" classname="office.DPAndAssertion"/>
  <testcase name="testData" time="0.0" classname="office.DPAndAssertion"/>
  <testcase name="testData" time="0.001" classname="office.DPAndAssertion"/>
  <testcase name="testData" time="0.002" classname="office.DPAndAssertion"/>
  <testcase name="testData" time="0.0" classname="office.DPAndAssertion"/>
  <testcase name="testData" time="0.0" classname="office.DPAndAssertion"/>
  <testcase name="testData" time="0.001" classname="office.DPAndAssertion"/>
  <testcase name="testData" time="0.001" classname="office.DPAndAssertion"/>
  <testcase name="testData" time="0.0" classname="office.DPAndAssertion"/>
  <testcase name="testData" time="0.0" classname="office.DPAndAssertion"/>
  <testcase name="testData" time="0.001" classname="office.DPAndAssertion"/>
  <testcase name="testData" time="0.0" classname="office.DPAndAssertion"/>
  <testcase name="testData" time="0.0" classname="office.DPAndAssertion"/>
  <testcase name="testData" time="0.0" classname="office.DPAndAssertion"/>
  <testcase name="testData" time="0.0" classname="office.DPAndAssertion"/>
  <testcase name="testData" time="0.001" classname="office.DPAndAssertion"/>
  <testcase name="testData" time="0.0" classname="office.DPAndAssertion"/>
  <testcase name="testData" time="0.0" classname="office.DPAndAssertion"/>
  <testcase name="testData" time="0.0" classname="office.DPAndAssertion"/>
  <testcase name="testData" time="0.0" classname="office.DPAndAssertion"/>
  <testcase name="testData" time="0.0" classname="office.DPAndAssertion"/>
  <testcase name="testData" time="0.0" classname="office.DPAndAssertion"/>
  <testcase name="testData" time="0.0" classname="office.DPAndAssertion"/>
  <testcase name="testData" time="0.0" classname="office.DPAndAssertion"/>
  <testcase name="testData" time="0.001" classname="office.DPAndAssertion"/>
  <testcase name="testData" time="0.0" classname="office.DPAndAssertion"/>
  <testcase name="testData" time="0.0" classname="office.DPAndAssertion"/>
  <testcase name="testData" time="0.0" classname="office.DPAndAssertion"/>
  <testcase name="testData" time="0.0" classname="office.DPAndAssertion"/>
  <testcase name="testData" time="0.001" classname="office.DPAndAssertion"/>
  <testcase name="testData" time="0.0" classname="office.DPAndAssertion"/>
  <testcase name="testData" time="0.0" classname="office.DPAndAssertion"/>
  <testcase name="testData" time="0.0" classname="office.DPAndAssertion"/>
  <testcase name="testData" time="0.001" classname="office.DPAndAssertion"/>
  <testcase name="testData" time="0.0" classname="office.DPAndAssertion"/>
  <testcase name="testData" time="0.0" classname="office.DPAndAssertion"/>
  <testcase name="testData" time="0.0" classname="office.DPAndAssertion"/>
  <testcase name="testData" time="0.0" classname="office.DPAndAssertion"/>
  <testcase name="testData" time="0.001" classname="office.DPAndAssertion"/>
  <testcase name="testData" time="0.001" classname="office.DPAndAssertion"/>
  <testcase name="testData" time="0.0" classname="office.DPAndAssertion"/>
  <testcase name="testData" time="0.001" classname="office.DPAndAssertion"/>
  <testcase name="testData" time="0.0" classname="office.DPAndAssertion"/>
  <testcase name="testData" time="0.0" classname="office.DPAndAssertion"/>
  <testcase name="testData" time="0.0" classname="office.DPAndAssertion"/>
  <testcase name="testData" time="0.001" classname="office.DPAndAssertion"/>
  <testcase name="testData" time="0.0" classname="office.DPAndAssertion"/>
  <testcase name="testData" time="0.0" classname="office.DPAndAssertion"/>
  <testcase name="testData" time="0.0" classname="office.DPAndAssertion"/>
  <testcase name="testData" time="0.0" classname="office.DPAndAssertion"/>
  <testcase name="testData" time="0.0" classname="office.DPAndAssertion"/>
  <testcase name="testData" time="0.0" classname="office.DPAndAssertion"/>
  <testcase name="testData" time="0.001" classname="office.DPAndAssertion"/>
  <testcase name="testData" time="0.0" classname="office.DPAndAssertion"/>
  <testcase name="testData" time="0.0" classname="office.DPAndAssertion"/>
  <testcase name="testData" time="0.0" classname="office.DPAndAssertion"/>
  <testcase name="testData" time="0.001" classname="office.DPAndAssertion"/>
  <testcase name="testData" time="0.0" classname="office.DPAndAssertion"/>
  <testcase name="testData" time="0.0" classname="office.DPAndAssertion"/>
  <testcase name="testData" time="0.0" classname="office.DPAndAssertion"/>
  <testcase name="testData" time="0.0" classname="office.DPAndAssertion"/>
  <testcase name="testData" time="0.0" classname="office.DPAndAssertion"/>
  <testcase name="testData" time="0.001" classname="office.DPAndAssertion"/>
  <testcase name="testData" time="0.001" classname="office.DPAndAssertion"/>
  <testcase name="testData" time="0.0" classname="office.DPAndAssertion"/>
  <testcase name="testData" time="0.0" classname="office.DPAndAssertion"/>
  <testcase name="testData" time="0.0" classname="office.DPAndAssertion"/>
  <testcase name="testData" time="0.0" classname="office.DPAndAssertion"/>
  <testcase name="testData" time="0.0" classname="office.DPAndAssertion"/>
  <testcase name="testData" time="0.001" classname="office.DPAndAssertion"/>
  <testcase name="testData" time="0.0" classname="office.DPAndAssertion"/>
  <testcase name="testData" time="0.0" classname="office.DPAndAssertion"/>
  <testcase name="testData" time="0.0" classname="office.DPAndAssertion"/>
  <testcase name="testData" time="0.0" classname="office.DPAndAssertion"/>
  <testcase name="testData" time="0.0" classname="office.DPAndAssertion"/>
  <testcase name="testData" time="0.001" classname="office.DPAndAssertion"/>
  <testcase name="testData" time="0.0" classname="office.DPAndAssertion"/>
  <testcase name="testData" time="0.0" classname="office.DPAndAssertion"/>
  <testcase name="testData" time="0.0" classname="office.DPAndAssertion"/>
  <testcase name="testData" time="0.0" classname="office.DPAndAssertion"/>
  <testcase name="testData" time="0.0" classname="office.DPAndAssertion"/>
  <testcase name="testData" time="0.0" classname="office.DPAndAssertion"/>
  <testcase name="testData" time="0.0" classname="office.DPAndAssertion"/>
  <testcase name="testData" time="0.001" classname="office.DPAndAssertion"/>
  <testcase name="testData" time="0.0" classname="office.DPAndAssertion"/>
  <testcase name="testData" time="0.001" classname="office.DPAndAssertion"/>
  <testcase name="testData" time="0.001" classname="office.DPAndAssertion"/>
  <testcase name="testData" time="0.0" classname="office.DPAndAssertion"/>
  <testcase name="testData" time="0.001" classname="office.DPAndAssertion"/>
  <testcase name="testData" time="0.043" classname="office.DPAndAssertion"/>
  <testcase name="testData" time="0.002" classname="office.DPAndAssertion"/>
  <testcase name="testData" time="0.001" classname="office.DPAndAssertion"/>
  <testcase name="testData" time="0.0" classname="office.DPAndAssertion"/>
  <testcase name="testData" time="0.001" classname="office.DPAndAssertion"/>
  <testcase name="testData" time="0.001" classname="office.DPAndAssertion"/>
  <testcase name="testData" time="0.0" classname="office.DPAndAssertion"/>
  <testcase name="testData" time="0.0" classname="office.DPAndAssertion"/>
  <testcase name="testData" time="0.0" classname="office.DPAndAssertion"/>
  <testcase name="testData" time="0.0" classname="office.DPAndAssertion"/>
  <testcase name="testData" time="0.0" classname="office.DPAndAssertion"/>
  <testcase name="testData" time="0.001" classname="office.DPAndAssertion"/>
  <testcase name="testData" time="0.0" classname="office.DPAndAssertion"/>
  <testcase name="testData" time="0.001" classname="office.DPAndAssertion"/>
  <testcase name="testData" time="0.0" classname="office.DPAndAssertion"/>
  <testcase name="testData" time="0.001" classname="office.DPAndAssertion"/>
  <testcase name="testData" time="0.0" classname="office.DPAndAssertion"/>
  <testcase name="testData" time="0.0" classname="office.DPAndAssertion"/>
  <testcase name="testData" time="0.001" classname="office.DPAndAssertion"/>
  <testcase name="testData" time="0.001" classname="office.DPAndAssertion"/>
  <testcase name="testData" time="0.0" classname="office.DPAndAssertion"/>
  <testcase name="testData" time="0.005" classname="office.DPAndAssertion"/>
  <testcase name="testData" time="0.001" classname="office.DPAndAssertion"/>
  <testcase name="testData" time="0.001" classname="office.DPAndAssertion"/>
  <testcase name="testData" time="0.001" classname="office.DPAndAssertion"/>
  <testcase name="testData" time="0.001" classname="office.DPAndAssertion"/>
  <testcase name="testData" time="0.001" classname="office.DPAndAssertion"/>
  <testcase name="testData" time="0.001" classname="office.DPAndAssertion"/>
  <testcase name="testData" time="0.0" classname="office.DPAndAssertion"/>
  <testcase name="testData" time="0.0" classname="office.DPAndAssertion"/>
  <testcase name="testData" time="0.0" classname="office.DPAndAssertion"/>
  <testcase name="testData" time="0.0" classname="office.DPAndAssertion"/>
  <testcase name="testData" time="0.001" classname="office.DPAndAssertion"/>
  <testcase name="testData" time="0.0" classname="office.DPAndAssertion"/>
  <testcase name="testData" time="0.001" classname="office.DPAndAssertion"/>
  <testcase name="testData" time="0.0" classname="office.DPAndAssertion"/>
  <testcase name="testData" time="0.0" classname="office.DPAndAssertion"/>
  <testcase name="testData" time="0.001" classname="office.DPAndAssertion"/>
  <testcase name="testData" time="0.0" classname="office.DPAndAssertion"/>
  <testcase name="testData" time="0.0" classname="office.DPAndAssertion"/>
  <testcase name="testData" time="0.0" classname="office.DPAndAssertion"/>
  <testcase name="testData" time="0.0" classname="office.DPAndAssertion"/>
  <testcase name="testData" time="0.0" classname="office.DPAndAssertion"/>
  <testcase name="testData" time="0.0" classname="office.DPAndAssertion"/>
  <testcase name="testData" time="0.0" classname="office.DPAndAssertion"/>
  <testcase name="testData" time="0.0" classname="office.DPAndAssertion"/>
  <testcase name="testData" time="0.0" classname="office.DPAndAssertion"/>
  <testcase name="testData" time="0.0" classname="office.DPAndAssertion"/>
  <testcase name="testData" time="0.001" classname="office.DPAndAssertion"/>
  <testcase name="testData" time="0.0" classname="office.DPAndAssertion"/>
  <testcase name="testData" time="0.0" classname="office.DPAndAssertion"/>
  <testcase name="testData" time="0.001" classname="office.DPAndAssertion"/>
  <testcase name="testData" time="0.001" classname="office.DPAndAssertion"/>
  <testcase name="testData" time="0.001" classname="office.DPAndAssertion"/>
  <testcase name="testData" time="0.0" classname="office.DPAndAssertion"/>
  <testcase name="testData" time="0.0" classname="office.DPAndAssertion"/>
  <testcase name="testData" time="0.0" classname="office.DPAndAssertion"/>
  <testcase name="testData" time="0.001" classname="office.DPAndAssertion"/>
  <testcase name="testData" time="0.002" classname="office.DPAndAssertion"/>
  <testcase name="testData" time="0.0" classname="office.DPAndAssertion"/>
  <testcase name="testData" time="0.0" classname="office.DPAndAssertion"/>
  <testcase name="testData" time="0.001" classname="office.DPAndAssertion"/>
  <testcase name="testData" time="0.005" classname="office.DPAndAssertion"/>
  <testcase name="testData" time="0.011" classname="office.DPAndAssertion"/>
  <testcase name="testData" time="0.0" classname="office.DPAndAssertion"/>
  <testcase name="testData" time="0.001" classname="office.DPAndAssertion"/>
  <testcase name="testData" time="0.0" classname="office.DPAndAssertion"/>
  <testcase name="testData" time="0.001" classname="office.DPAndAssertion"/>
  <testcase name="testData" time="0.0" classname="office.DPAndAssertion"/>
  <testcase name="testData" time="0.0" classname="office.DPAndAssertion"/>
  <testcase name="testData" time="0.0" classname="office.DPAndAssertion"/>
  <testcase name="testData" time="0.0" classname="office.DPAndAssertion"/>
  <testcase name="testData" time="0.001" classname="office.DPAndAssertion"/>
  <testcase name="testData" time="0.002" classname="office.DPAndAssertion"/>
  <testcase name="testData" time="0.001" classname="office.DPAndAssertion"/>
  <testcase name="testData" time="0.001" classname="office.DPAndAssertion"/>
  <testcase name="testData" time="0.0" classname="office.DPAndAssertion"/>
  <testcase name="testData" time="0.0" classname="office.DPAndAssertion"/>
  <testcase name="testData" time="0.0" classname="office.DPAndAssertion"/>
  <testcase name="testData" time="0.001" classname="office.DPAndAssertion"/>
  <testcase name="testData" time="0.0" classname="office.DPAndAssertion"/>
  <testcase name="testData" time="0.001" classname="office.DPAndAssertion"/>
  <testcase name="testData" time="0.004" classname="office.DPAndAssertion"/>
  <testcase name="testData" time="0.0" classname="office.DPAndAssertion"/>
  <testcase name="testData" time="0.005" classname="office.DPAndAssertion"/>
  <testcase name="testData" time="0.0" classname="office.DPAndAssertion"/>
  <testcase name="testData" time="0.001" classname="office.DPAndAssertion"/>
  <testcase name="testData" time="0.001" classname="office.DPAndAssertion"/>
  <testcase name="testData" time="0.001" classname="office.DPAndAssertion"/>
  <testcase name="testData" time="0.0" classname="office.DPAndAssertion"/>
  <testcase name="testData" time="0.001" classname="office.DPAndAssertion"/>
  <testcase name="testData" time="0.0" classname="office.DPAndAssertion"/>
  <testcase name="testData" time="0.0" classname="office.DPAndAssertion"/>
  <testcase name="testData" time="0.0" classname="office.DPAndAssertion"/>
  <testcase name="testData" time="0.001" classname="office.DPAndAssertion"/>
  <testcase name="testData" time="0.001" classname="office.DPAndAssertion"/>
  <testcase name="testData" time="0.0" classname="office.DPAndAssertion"/>
  <testcase name="testData" time="0.001" classname="office.DPAndAssertion"/>
  <testcase name="testData" time="0.001" classname="office.DPAndAssertion"/>
  <testcase name="testData" time="0.0" classname="office.DPAndAssertion"/>
  <testcase name="testData" time="0.0" classname="office.DPAndAssertion"/>
  <testcase name="testData" time="0.013" classname="office.DPAndAssertion"/>
  <testcase name="testData" time="0.0" classname="office.DPAndAssertion"/>
  <testcase name="testData" time="0.001" classname="office.DPAndAssertion"/>
  <testcase name="testData" time="0.0" classname="office.DPAndAssertion"/>
  <testcase name="testData" time="0.003" classname="office.DPAndAssertion"/>
  <testcase name="testData" time="0.037" classname="office.DPAndAssertion"/>
  <testcase name="testData" time="0.0" classname="office.DPAndAssertion"/>
  <testcase name="testData" time="0.0" classname="office.DPAndAssertion"/>
  <testcase name="testData" time="0.001" classname="office.DPAndAssertion"/>
  <testcase name="testData" time="0.003" classname="office.DPAndAssertion"/>
  <testcase name="testData" time="0.0" classname="office.DPAndAssertion"/>
  <testcase name="testData" time="0.0" classname="office.DPAndAssertion"/>
  <testcase name="testData" time="0.0" classname="office.DPAndAssertion"/>
  <testcase name="testData" time="0.001" classname="office.DPAndAssertion"/>
  <testcase name="testData" time="0.0" classname="office.DPAndAssertion"/>
  <testcase name="testData" time="0.0" classname="office.DPAndAssertion"/>
  <testcase name="testData" time="0.001" classname="office.DPAndAssertion"/>
  <testcase name="testData" time="0.001" classname="office.DPAndAssertion"/>
</testsuite> <!-- Default test -->
